0 info it worked if it ends with ok
1 verbose cli [ '/usr/local/bin/node', '/usr/local/bin/npm', 'install', 'MAMP' ]
2 info using npm@2.15.5
3 info using node@v4.4.5
4 verbose install initial load of /Users/sophiabenson/Desktop/prime/SoloProject/GitFit/package.json
5 warn package.json gitfit@1.0.0 No description
6 warn package.json gitfit@1.0.0 No repository field.
7 warn package.json gitfit@1.0.0 No README data
8 verbose installManyTop reading scoped package data from /Users/sophiabenson/Desktop/prime/SoloProject/GitFit/node_modules/bcrypt/package.json
9 verbose installManyTop reading scoped package data from /Users/sophiabenson/Desktop/prime/SoloProject/GitFit/node_modules/body-parser/package.json
10 verbose installManyTop reading scoped package data from /Users/sophiabenson/Desktop/prime/SoloProject/GitFit/node_modules/cookie-parser/package.json
11 verbose installManyTop reading scoped package data from /Users/sophiabenson/Desktop/prime/SoloProject/GitFit/node_modules/express/package.json
12 verbose installManyTop reading scoped package data from /Users/sophiabenson/Desktop/prime/SoloProject/GitFit/node_modules/express-session/package.json
13 verbose installManyTop reading scoped package data from /Users/sophiabenson/Desktop/prime/SoloProject/GitFit/node_modules/mongoose/package.json
14 verbose installManyTop reading scoped package data from /Users/sophiabenson/Desktop/prime/SoloProject/GitFit/node_modules/passport/package.json
15 verbose installManyTop reading scoped package data from /Users/sophiabenson/Desktop/prime/SoloProject/GitFit/node_modules/passport-auth0/package.json
16 verbose installManyTop reading scoped package data from /Users/sophiabenson/Desktop/prime/SoloProject/GitFit/node_modules/passport-local/package.json
17 verbose installManyTop reading scoped package data from /Users/sophiabenson/Desktop/prime/SoloProject/GitFit/node_modules/passport-local-mongoose/package.json
18 verbose installManyTop reading scoped package data from /Users/sophiabenson/Desktop/prime/SoloProject/GitFit/node_modules/path/package.json
19 verbose installManyTop reading scoped package data from /Users/sophiabenson/Desktop/prime/SoloProject/GitFit/node_modules/pg/package.json
20 info package.json passport@0.3.2 No README data
21 info package.json path@0.12.7 path is also the name of a node core module.
22 info package.json passport-local@1.0.0 No license field.
23 verbose readDependencies loading dependencies from /Users/sophiabenson/Desktop/prime/SoloProject/GitFit/package.json
24 silly cache add args [ 'MAMP', null ]
25 verbose cache add spec MAMP
26 silly cache add parsed spec Result {
26 silly cache add   raw: 'MAMP',
26 silly cache add   scope: null,
26 silly cache add   name: 'MAMP',
26 silly cache add   rawSpec: '',
26 silly cache add   spec: 'latest',
26 silly cache add   type: 'tag' }
27 silly addNamed MAMP@latest
28 verbose addNamed "latest" is being treated as a dist-tag for MAMP
29 info addNameTag [ 'MAMP', 'latest' ]
30 silly mapToRegistry name MAMP
31 silly mapToRegistry using default registry
32 silly mapToRegistry registry https://registry.npmjs.org/
33 silly mapToRegistry data Result {
33 silly mapToRegistry   raw: 'MAMP',
33 silly mapToRegistry   scope: null,
33 silly mapToRegistry   name: 'MAMP',
33 silly mapToRegistry   rawSpec: '',
33 silly mapToRegistry   spec: 'latest',
33 silly mapToRegistry   type: 'tag' }
34 silly mapToRegistry uri https://registry.npmjs.org/MAMP
35 verbose addNameTag registry:https://registry.npmjs.org/MAMP not in flight; fetching
36 verbose request uri https://registry.npmjs.org/MAMP
37 verbose request no auth needed
38 info attempt registry request try #1 at 11:37:09 AM
39 verbose request id 6a432105074328bc
40 http request GET https://registry.npmjs.org/MAMP
41 http 404 https://registry.npmjs.org/MAMP
42 verbose headers { 'content-type': 'application/json',
42 verbose headers   'cache-control': 'max-age=0',
42 verbose headers   'content-length': '2',
42 verbose headers   'accept-ranges': 'bytes',
42 verbose headers   date: 'Fri, 08 Jul 2016 16:37:09 GMT',
42 verbose headers   via: '1.1 varnish',
42 verbose headers   age: '0',
42 verbose headers   connection: 'keep-alive',
42 verbose headers   'x-served-by': 'cache-ord1725-ORD',
42 verbose headers   'x-cache': 'MISS',
42 verbose headers   'x-cache-hits': '0',
42 verbose headers   'x-timer': 'S1467995829.839920,VS0,VE132',
42 verbose headers   vary: 'Accept-Encoding' }
43 silly get cb [ 404,
43 silly get   { 'content-type': 'application/json',
43 silly get     'cache-control': 'max-age=0',
43 silly get     'content-length': '2',
43 silly get     'accept-ranges': 'bytes',
43 silly get     date: 'Fri, 08 Jul 2016 16:37:09 GMT',
43 silly get     via: '1.1 varnish',
43 silly get     age: '0',
43 silly get     connection: 'keep-alive',
43 silly get     'x-served-by': 'cache-ord1725-ORD',
43 silly get     'x-cache': 'MISS',
43 silly get     'x-cache-hits': '0',
43 silly get     'x-timer': 'S1467995829.839920,VS0,VE132',
43 silly get     vary: 'Accept-Encoding' } ]
44 verbose stack Error: Registry returned 404 for GET on https://registry.npmjs.org/MAMP
44 verbose stack     at makeError (/usr/local/lib/node_modules/npm/node_modules/npm-registry-client/lib/request.js:264:12)
44 verbose stack     at CachingRegistryClient.<anonymous> (/usr/local/lib/node_modules/npm/node_modules/npm-registry-client/lib/request.js:242:14)
44 verbose stack     at Request._callback (/usr/local/lib/node_modules/npm/node_modules/npm-registry-client/lib/request.js:172:14)
44 verbose stack     at Request.self.callback (/usr/local/lib/node_modules/npm/node_modules/request/request.js:200:22)
44 verbose stack     at emitTwo (events.js:87:13)
44 verbose stack     at Request.emit (events.js:172:7)
44 verbose stack     at Request.<anonymous> (/usr/local/lib/node_modules/npm/node_modules/request/request.js:1067:10)
44 verbose stack     at emitOne (events.js:82:20)
44 verbose stack     at Request.emit (events.js:169:7)
44 verbose stack     at IncomingMessage.<anonymous> (/usr/local/lib/node_modules/npm/node_modules/request/request.js:988:12)
45 verbose statusCode 404
46 verbose pkgid MAMP
47 verbose cwd /Users/sophiabenson/Desktop/prime/SoloProject/GitFit
48 error Darwin 15.3.0
49 error argv "/usr/local/bin/node" "/usr/local/bin/npm" "install" "MAMP"
50 error node v4.4.5
51 error npm  v2.15.5
52 error code E404
53 error 404 Registry returned 404 for GET on https://registry.npmjs.org/MAMP
53 error 404
53 error 404 'MAMP' is not in the npm registry.
53 error 404 Your package name is not valid, because
53 error 404
53 error 404  1. name can no longer contain capital letters
53 error 404 It was specified as a dependency of 'gitfit'
53 error 404
53 error 404 Note that you can also install from a
53 error 404 tarball, folder, http url, or git url.
54 verbose exit [ 1, true ]
